2020-05-31 00:33:29,334 INFO: 校验是否登录[成功]
2020-05-31 00:33:29,640 INFO: 用户:不想跑步的干锅锅
2020-05-31 00:33:30,242 INFO: 商品名称:【茅台白酒】茅台 飞天 酱香型白酒 53度 500ml【行情 报价 价格 评测】-京东
2020-05-31 00:33:30,570 INFO: 正在等待到达设定时间:2018-09-28 22:45:50
2020-05-31 00:33:30,570 INFO: 时间到达，开始执行……
2020-05-31 00:33:30,972 INFO: 预约成功，已获得抢购资格 / 您已成功预约过了，无需重复预约
2020-05-31 00:33:58,823 INFO: 用户:不想跑步的干锅锅
2020-05-31 00:33:59,579 INFO: 商品名称:【茅台白酒】茅台 飞天 酱香型白酒 53度 500ml【行情 报价 价格 评测】-京东
2020-05-31 00:33:59,579 INFO: 正在等待到达设定时间:2018-09-28 22:45:50
2020-05-31 00:33:59,579 INFO: 时间到达，开始执行……
2020-05-31 00:34:00,815 INFO: 抢购链接获取失败，%s不是抢购商品或抢购页面暂未刷新，1秒后重试
2020-05-31 00:34:02,113 INFO: 抢购链接获取失败，%s不是抢购商品或抢购页面暂未刷新，1秒后重试
2020-05-31 00:34:03,421 INFO: 抢购链接获取失败，%s不是抢购商品或抢购页面暂未刷新，1秒后重试
2020-05-31 00:34:04,699 INFO: 抢购链接获取失败，%s不是抢购商品或抢购页面暂未刷新，1秒后重试
2020-05-31 00:34:05,962 INFO: 抢购链接获取失败，%s不是抢购商品或抢购页面暂未刷新，1秒后重试
2020-05-31 00:34:07,209 INFO: 抢购链接获取失败，%s不是抢购商品或抢购页面暂未刷新，1秒后重试
2020-05-31 00:34:08,450 INFO: 抢购链接获取失败，%s不是抢购商品或抢购页面暂未刷新，1秒后重试
2020-05-31 00:34:09,694 INFO: 抢购链接获取失败，%s不是抢购商品或抢购页面暂未刷新，1秒后重试
2020-05-31 00:34:10,942 INFO: 抢购链接获取失败，%s不是抢购商品或抢购页面暂未刷新，1秒后重试
2020-05-31 00:35:47,071 INFO: 用户:不想跑步的干锅锅
2020-05-31 00:35:47,673 INFO: 商品名称:【茅台白酒】茅台 飞天 酱香型白酒 53度 500ml【行情 报价 价格 评测】-京东
2020-05-31 00:35:47,673 INFO: 正在等待到达设定时间:2020-06-01 00:00:00.100000
2020-05-31 00:46:17,790 INFO: 用户:不想跑步的干锅锅
2020-05-31 00:46:18,375 INFO: 商品名称:【茅台白酒】茅台 飞天 酱香型白酒 53度 500ml【行情 报价 价格 评测】-京东
2020-05-31 00:46:18,375 INFO: 正在等待到达设定时间:2020-06-01 00:00:00.100000
2020-05-31 00:46:52,873 INFO: 用户:不想跑步的干锅锅
2020-05-31 00:46:53,404 INFO: 商品名称:【茅台白酒】茅台 飞天 酱香型白酒 53度 500ml【行情 报价 价格 评测】-京东
2020-05-31 00:46:53,971 INFO: 抢购链接获取失败，%s不是抢购商品或抢购页面暂未刷新，1秒后重试
2020-05-31 00:46:55,214 INFO: 抢购链接获取失败，%s不是抢购商品或抢购页面暂未刷新，1秒后重试
2020-05-31 00:46:56,471 INFO: 抢购链接获取失败，%s不是抢购商品或抢购页面暂未刷新，1秒后重试
2020-05-31 00:46:57,748 INFO: 抢购链接获取失败，%s不是抢购商品或抢购页面暂未刷新，1秒后重试
2020-05-31 00:46:59,004 INFO: 抢购链接获取失败，%s不是抢购商品或抢购页面暂未刷新，1秒后重试
2020-05-31 00:47:00,346 INFO: 抢购链接获取失败，%s不是抢购商品或抢购页面暂未刷新，1秒后重试
2020-05-31 00:47:01,642 INFO: 抢购链接获取失败，%s不是抢购商品或抢购页面暂未刷新，1秒后重试
2020-05-31 00:47:02,974 INFO: 抢购链接获取失败，%s不是抢购商品或抢购页面暂未刷新，1秒后重试
2020-05-31 00:47:04,275 INFO: 抢购链接获取失败，%s不是抢购商品或抢购页面暂未刷新，1秒后重试
2020-05-31 00:47:05,538 INFO: 抢购链接获取失败，%s不是抢购商品或抢购页面暂未刷新，1秒后重试
2020-05-31 00:47:06,868 INFO: 抢购链接获取失败，%s不是抢购商品或抢购页面暂未刷新，1秒后重试
2020-05-31 00:47:08,122 INFO: 抢购链接获取失败，%s不是抢购商品或抢购页面暂未刷新，1秒后重试
2020-05-31 00:47:09,389 INFO: 抢购链接获取失败，%s不是抢购商品或抢购页面暂未刷新，1秒后重试
2020-05-31 00:47:10,670 INFO: 抢购链接获取失败，%s不是抢购商品或抢购页面暂未刷新，1秒后重试
2020-05-31 00:48:14,368 INFO: 用户:不想跑步的干锅锅
2020-05-31 00:48:14,987 INFO: 商品名称:【茅台白酒】茅台 飞天 酱香型白酒 53度 500ml【行情 报价 价格 评测】-京东
2020-05-31 00:48:15,611 INFO: 抢购链接获取失败，%s不是抢购商品或抢购页面暂未刷新，1秒后重试
2020-05-31 00:48:16,364 INFO: 抢购链接获取失败，%s不是抢购商品或抢购页面暂未刷新，1秒后重试
2020-05-31 00:48:17,116 INFO: 抢购链接获取失败，%s不是抢购商品或抢购页面暂未刷新，1秒后重试
2020-05-31 00:48:17,870 INFO: 抢购链接获取失败，%s不是抢购商品或抢购页面暂未刷新，1秒后重试
2020-05-31 00:48:18,618 INFO: 抢购链接获取失败，%s不是抢购商品或抢购页面暂未刷新，1秒后重试
2020-05-31 00:48:19,363 INFO: 抢购链接获取失败，%s不是抢购商品或抢购页面暂未刷新，1秒后重试
2020-05-31 00:48:20,141 INFO: 抢购链接获取失败，%s不是抢购商品或抢购页面暂未刷新，1秒后重试
2020-05-31 00:48:21,249 INFO: 抢购链接获取失败，%s不是抢购商品或抢购页面暂未刷新，1秒后重试
2020-05-31 00:48:22,010 INFO: 抢购链接获取失败，%s不是抢购商品或抢购页面暂未刷新，1秒后重试
2020-05-31 00:48:22,789 INFO: 抢购链接获取失败，%s不是抢购商品或抢购页面暂未刷新，1秒后重试
2020-05-31 00:48:23,539 INFO: 抢购链接获取失败，%s不是抢购商品或抢购页面暂未刷新，1秒后重试
2020-05-31 00:48:24,292 INFO: 抢购链接获取失败，%s不是抢购商品或抢购页面暂未刷新，1秒后重试
2020-05-31 00:48:26,859 INFO: 抢购链接获取失败，%s不是抢购商品或抢购页面暂未刷新，1秒后重试
2020-05-31 00:48:27,625 INFO: 抢购链接获取失败，%s不是抢购商品或抢购页面暂未刷新，1秒后重试
2020-05-31 00:48:28,398 INFO: 抢购链接获取失败，%s不是抢购商品或抢购页面暂未刷新，1秒后重试
2020-05-31 00:48:29,143 INFO: 抢购链接获取失败，%s不是抢购商品或抢购页面暂未刷新，1秒后重试
2020-05-31 00:48:30,117 INFO: 抢购链接获取失败，%s不是抢购商品或抢购页面暂未刷新，1秒后重试
2020-05-31 00:48:31,869 INFO: 抢购链接获取失败，%s不是抢购商品或抢购页面暂未刷新，1秒后重试
2020-05-31 00:51:17,439 INFO: 用户:不想跑步的干锅锅
2020-05-31 00:51:18,054 INFO: 商品名称:【茅台白酒】茅台 飞天 酱香型白酒 53度 500ml【行情 报价 价格 评测】-京东
2020-05-31 00:51:18,054 INFO: 正在等待到达设定时间:2020-06-01 00:00:00.100000
2020-05-31 23:52:42,943 INFO: 用户:jd
2020-05-31 23:52:43,428 INFO: 商品名称:【茅台白酒】茅台 飞天 酱香型白酒 53度 500ml【行情 报价 价格 评测】-京东
2020-05-31 23:52:43,429 INFO: 正在等待到达设定时间:2020-06-01 00:00:00.100000
2020-06-01 00:00:00,318 INFO: 时间到达，开始执行……
2020-06-01 00:00:01,651 INFO: 抢购链接获取成功: https://marathon.jd.com/captcha.html?skuId=100012043978&sn=7fd7bca428ed8ddbbaaef99f64814cb7&from=pc
2020-06-01 00:00:01,652 INFO: 访问商品的抢购连接...
2020-06-01 00:00:01,926 INFO: 访问抢购订单结算页面...
2020-06-01 00:04:21,333 INFO: 用户:jd
2020-06-01 00:04:22,780 INFO: 商品名称:【茅台白酒】茅台 飞天 酱香型白酒 53度 500ml【行情 报价 价格 评测】-京东
2020-06-01 00:04:22,780 INFO: 正在等待到达设定时间:2020-06-01 00:00:00.100000
2020-06-01 00:04:22,780 INFO: 时间到达，开始执行……
2020-06-01 00:04:24,086 INFO: 抢购链接获取成功: https://marathon.jd.com/captcha.html?skuId=100012043978&sn=7fd7bca428ed8ddbbaaef99f64814cb7&from=pc
2020-06-01 00:04:24,086 INFO: 访问商品的抢购连接...
2020-06-01 00:04:25,351 INFO: 访问抢购订单结算页面...
2020-06-01 00:04:25,583 INFO: 生成提交抢购订单所需参数...
2020-06-01 00:04:25,584 INFO: 获取秒杀初始化信息...
2020-06-01 00:04:56,141 INFO: 用户:jd
2020-06-01 00:04:56,608 INFO: 商品名称:【茅台白酒】茅台 飞天 酱香型白酒 53度 500ml【行情 报价 价格 评测】-京东
2020-06-01 00:04:56,608 INFO: 正在等待到达设定时间:2020-06-01 00:00:00.100000
2020-06-01 00:04:56,609 INFO: 时间到达，开始执行……
2020-06-01 00:04:56,829 INFO: 抢购链接获取成功: https://marathon.jd.com/captcha.html?skuId=100012043978&sn=7fd7bca428ed8ddbbaaef99f64814cb7&from=pc
2020-06-01 00:04:56,829 INFO: 访问商品的抢购连接...
2020-06-01 00:04:57,082 INFO: 访问抢购订单结算页面...
2020-06-01 00:04:57,316 INFO: 生成提交抢购订单所需参数...
2020-06-01 00:04:57,316 INFO: 获取秒杀初始化信息...
2020-06-01 00:05:14,964 INFO: 用户:jd
2020-06-01 00:05:15,438 INFO: 商品名称:【茅台白酒】茅台 飞天 酱香型白酒 53度 500ml【行情 报价 价格 评测】-京东
2020-06-01 00:05:15,438 INFO: 正在等待到达设定时间:2020-06-01 00:00:00.100000
2020-06-01 00:05:15,439 INFO: 时间到达，开始执行……
2020-06-01 00:05:15,690 INFO: 抢购链接获取成功: https://marathon.jd.com/captcha.html?skuId=100012043978&sn=7fd7bca428ed8ddbbaaef99f64814cb7&from=pc
2020-06-01 00:05:15,690 INFO: 访问商品的抢购连接...
2020-06-01 00:05:15,949 INFO: 访问抢购订单结算页面...
2020-06-01 00:05:16,187 INFO: 生成提交抢购订单所需参数...
2020-06-01 00:05:16,187 INFO: 获取秒杀初始化信息...
2020-06-01 00:07:27,064 INFO: 用户:jd
2020-06-01 00:07:27,532 INFO: 商品名称:【茅台白酒】茅台 飞天 酱香型白酒 53度 500ml【行情 报价 价格 评测】-京东
2020-06-01 00:07:27,532 INFO: 正在等待到达设定时间:2020-06-01 00:00:00.100000
2020-06-01 00:07:27,532 INFO: 时间到达，开始执行……
2020-06-01 00:07:27,852 INFO: 抢购链接获取成功: https://marathon.jd.com/captcha.html?skuId=100012043978&sn=7fd7bca428ed8ddbbaaef99f64814cb7&from=pc
2020-06-01 00:07:27,853 INFO: 访问商品的抢购连接...
2020-06-01 00:07:28,123 INFO: 访问抢购订单结算页面...
2020-06-01 00:07:28,357 INFO: 生成提交抢购订单所需参数...
2020-06-01 00:07:28,357 INFO: 获取秒杀初始化信息...
2020-06-01 00:07:40,803 INFO: 用户:jd
2020-06-01 00:07:41,262 INFO: 商品名称:【茅台白酒】茅台 飞天 酱香型白酒 53度 500ml【行情 报价 价格 评测】-京东
2020-06-01 00:07:41,262 INFO: 正在等待到达设定时间:2020-06-01 00:00:00.100000
2020-06-01 00:07:41,262 INFO: 时间到达，开始执行……
2020-06-01 00:07:41,488 INFO: 抢购链接获取成功: https://marathon.jd.com/captcha.html?skuId=100012043978&sn=7fd7bca428ed8ddbbaaef99f64814cb7&from=pc
2020-06-01 00:07:41,488 INFO: 访问商品的抢购连接...
2020-06-01 00:07:41,748 INFO: 访问抢购订单结算页面...
2020-06-01 00:07:41,982 INFO: 生成提交抢购订单所需参数...
2020-06-01 00:07:41,982 INFO: 获取秒杀初始化信息...
2020-06-01 00:08:49,073 INFO: 用户:不想跑步的干锅锅
2020-06-01 00:08:49,643 INFO: 商品名称:【茅台白酒】茅台 飞天 酱香型白酒 53度 500ml【行情 报价 价格 评测】-京东
2020-06-01 00:08:49,643 INFO: 正在等待到达设定时间:2020-06-01 00:00:00.100000
2020-06-01 00:08:49,643 INFO: 时间到达，开始执行……
2020-06-01 00:08:49,939 INFO: 抢购链接获取成功: https://marathon.jd.com/captcha.html?skuId=100012043978&sn=7fd7bca428ed8ddbbaaef99f64814cb7&from=pc
2020-06-01 00:08:49,939 INFO: 访问商品的抢购连接...
2020-06-01 00:08:50,212 INFO: 访问抢购订单结算页面...
2020-06-01 00:08:50,491 INFO: 生成提交抢购订单所需参数...
2020-06-01 00:08:50,599 INFO: 获取秒杀初始化信息...
2020-06-01 00:08:50,942 INFO: 提交抢购订单...
2020-06-01 00:08:51,431 INFO: 抢购成功，订单号:117251517078, 总价:1499.00, 电脑端付款链接:https://sko.jd.com/success/success.action?orderId=117251517078&rid=0.7214792536579143
2020-06-01 00:10:08,987 INFO: 用户:不想跑步的干锅锅
2020-06-01 00:10:09,504 INFO: 商品名称:【茅台白酒】茅台 飞天 酱香型白酒 53度 500ml【行情 报价 价格 评测】-京东
2020-06-01 00:10:09,504 INFO: 正在等待到达设定时间:2020-06-01 00:00:00.100000
2020-06-01 00:10:09,504 INFO: 时间到达，开始执行……
2020-06-01 00:10:10,844 INFO: 抢购链接获取成功: https://marathon.jd.com/captcha.html?skuId=100012043978&sn=7fd7bca428ed8ddbbaaef99f64814cb7&from=pc
2020-06-01 00:10:10,844 INFO: 访问商品的抢购连接...
2020-06-01 00:10:12,116 INFO: 访问抢购订单结算页面...
2020-06-01 00:10:12,398 INFO: 生成提交抢购订单所需参数...
2020-06-01 00:10:12,398 INFO: 获取秒杀初始化信息...
2020-06-01 00:10:12,743 INFO: 提交抢购订单...
2020-06-01 00:10:12,966 INFO: 抢购失败，返回信息:{'errorMessage': '很遗憾没有抢到，再接再厉哦。', 'orderId': 0, 'resultCode': 90013, 'skuId': 0, 'success': False}
2020-06-01 00:17:21,095 INFO: 用户:不想跑步的干锅锅
2020-06-01 00:17:22,609 INFO: 商品名称:【茅台白酒】茅台 飞天 酱香型白酒 53度 500ml【行情 报价 价格 评测】-京东
2020-06-01 00:17:22,609 INFO: 正在等待到达设定时间:2020-06-01 00:00:00.100000
2020-06-01 00:17:22,609 INFO: 时间到达，开始执行……
2020-06-01 00:17:35,855 INFO: 用户:不想跑步的干锅锅
2020-06-01 00:17:36,365 INFO: 商品名称:【茅台白酒】茅台 飞天 酱香型白酒 53度 500ml【行情 报价 价格 评测】-京东
2020-06-01 00:17:36,366 INFO: 正在等待到达设定时间:2020-06-01 00:00:00.100000
2020-06-01 00:17:36,366 INFO: 时间到达，开始执行……
2020-06-01 00:17:36,585 INFO: 抢购链接获取成功: https://marathon.jd.com/captcha.html?skuId=100012043978&sn=7fd7bca428ed8ddbbaaef99f64814cb7&from=pc
2020-06-01 00:17:36,585 INFO: 访问商品的抢购连接...
2020-06-01 00:17:36,855 INFO: 访问抢购订单结算页面...
2020-06-01 00:17:37,132 INFO: 生成提交抢购订单所需参数...
2020-06-01 00:17:37,132 INFO: 获取秒杀初始化信息...
2020-06-01 00:17:37,471 INFO: 提交抢购订单...
2020-06-01 00:17:37,705 INFO: 抢购失败，返回信息:{'errorMessage': '很遗憾没有抢到，再接再厉哦。', 'orderId': 0, 'resultCode': 90013, 'skuId': 0, 'success': False}
2020-06-01 00:17:54,170 INFO: 用户:不想跑步的干锅锅
2020-06-01 00:17:54,608 INFO: 商品名称:【茅台白酒】茅台 飞天 酱香型白酒 53度 500ml【行情 报价 价格 评测】-京东
2020-06-01 00:17:54,608 INFO: 正在等待到达设定时间:2020-06-01 00:00:00.100000
2020-06-01 00:17:54,608 INFO: 时间到达，开始执行……
2020-06-01 00:17:54,837 INFO: 抢购链接获取成功: https://marathon.jd.com/captcha.html?skuId=100012043978&sn=7fd7bca428ed8ddbbaaef99f64814cb7&from=pc
2020-06-01 00:17:54,838 INFO: 访问商品的抢购连接...
2020-06-01 00:17:55,064 INFO: 访问抢购订单结算页面...
2020-06-01 00:17:55,349 INFO: 生成提交抢购订单所需参数...
2020-06-01 00:17:55,349 INFO: 获取秒杀初始化信息...
2020-06-01 00:17:55,696 INFO: 提交抢购订单...
2020-06-01 00:17:55,921 INFO: 抢购失败，返回信息:{'errorMessage': '很遗憾没有抢到，再接再厉哦。', 'orderId': 0, 'resultCode': 90013, 'skuId': 0, 'success': False}
2020-06-01 00:20:24,975 INFO: 用户:不想跑步的干锅锅
2020-06-01 00:20:25,475 INFO: 商品名称:【茅台白酒】茅台 飞天 酱香型白酒 53度 500ml【行情 报价 价格 评测】-京东
2020-06-01 00:20:25,475 INFO: 正在等待到达设定时间:2020-06-01 00:00:00.100000
2020-06-01 00:20:25,476 INFO: 时间到达，开始执行……
2020-06-01 00:20:26,901 INFO: 抢购链接获取成功: https://marathon.jd.com/captcha.html?skuId=100012043978&sn=7fd7bca428ed8ddbbaaef99f64814cb7&from=pc
2020-06-01 00:20:26,904 INFO: 访问商品的抢购连接...
2020-06-01 00:20:27,168 INFO: 访问抢购订单结算页面...
2020-06-01 00:20:27,448 INFO: 生成提交抢购订单所需参数...
2020-06-01 00:20:27,448 INFO: 获取秒杀初始化信息...
2020-06-01 00:20:27,796 INFO: 提交抢购订单...
2020-06-01 00:20:28,039 INFO: 抢购失败，返回信息:{'errorMessage': '很遗憾没有抢到，再接再厉哦。', 'orderId': 0, 'resultCode': 90013, 'skuId': 0, 'success': False}
2020-06-01 00:22:26,753 INFO: 用户:不想跑步的干锅锅
2020-06-01 00:22:27,544 INFO: 商品名称:【茅台白酒】茅台 飞天 酱香型白酒 53度 500ml【行情 报价 价格 评测】-京东
2020-06-01 00:22:27,544 INFO: 正在等待到达设定时间:2020-06-01 00:00:00.100000
2020-06-01 00:22:27,544 INFO: 时间到达，开始执行……
2020-06-01 00:22:30,290 INFO: 抢购链接获取成功: https://marathon.jd.com/captcha.html?skuId=100012043978&sn=7fd7bca428ed8ddbbaaef99f64814cb7&from=pc
2020-06-01 00:22:30,290 INFO: 访问商品的抢购连接...
2020-06-01 00:23:03,413 INFO: 用户:不想跑步的干锅锅
2020-06-01 00:23:04,233 INFO: 商品名称:【茅台白酒】茅台 飞天 酱香型白酒 53度 500ml【行情 报价 价格 评测】-京东
2020-06-01 00:23:04,234 INFO: 正在等待到达设定时间:2020-06-01 00:00:00.100000
2020-06-01 00:23:04,234 INFO: 时间到达，开始执行……
2020-06-01 00:23:04,607 INFO: 抢购链接获取成功: https://marathon.jd.com/captcha.html?skuId=100012043978&sn=7fd7bca428ed8ddbbaaef99f64814cb7&from=pc
2020-06-01 00:23:04,607 INFO: 访问商品的抢购连接...
2020-06-01 00:23:05,676 INFO: 访问抢购订单结算页面...
2020-06-01 00:23:06,203 INFO: 生成提交抢购订单所需参数...
2020-06-01 00:23:06,203 INFO: 获取秒杀初始化信息...
2020-06-01 00:24:54,786 INFO: 用户:不想跑步的干锅锅
2020-06-01 00:24:56,465 INFO: 商品名称:【茅台白酒】茅台 飞天 酱香型白酒 53度 500ml【行情 报价 价格 评测】-京东
2020-06-01 00:24:56,465 INFO: 正在等待到达设定时间:2020-06-01 00:00:00.100000
2020-06-01 00:24:56,465 INFO: 时间到达，开始执行……
2020-06-01 00:25:15,959 INFO: 校验是否登录[失败]
2020-06-01 00:25:15,959 INFO: 请重新输入cookie
2020-06-01 00:25:17,385 INFO: 校验是否登录[失败]
2020-06-01 00:25:17,385 INFO: 请重新输入cookie
2020-06-01 00:26:54,425 INFO: 校验是否登录[成功]
2020-06-01 00:26:56,030 INFO: 用户:蛋黄酱啊宝宝
2020-06-01 00:27:04,558 INFO: 用户:蛋黄酱啊宝宝
2020-06-01 00:27:05,589 INFO: 商品名称:【茅台白酒】茅台 飞天 酱香型白酒 53度 500ml【行情 报价 价格 评测】-京东
2020-06-01 00:27:05,590 INFO: 正在等待到达设定时间:2020-06-01 00:00:00.100000
2020-06-01 00:27:05,590 INFO: 时间到达，开始执行……
2020-06-01 00:27:07,225 INFO: 抢购链接获取成功: https://marathon.jd.com/captcha.html?skuId=100012043978&sn=4f858921bb3de73237d0ced4f6ff3a1d&from=pc
2020-06-01 00:27:07,225 INFO: 访问商品的抢购连接...
2020-06-01 00:27:07,752 INFO: 访问抢购订单结算页面...
2020-06-01 00:27:08,214 INFO: 生成提交抢购订单所需参数...
2020-06-01 00:27:08,214 INFO: 获取秒杀初始化信息...
2020-06-01 00:27:08,727 INFO: 提交抢购订单...
2020-06-01 00:27:09,048 INFO: 抢购失败，返回信息:{'errorMessage': '很遗憾没有抢到，再接再厉哦。', 'orderId': 0, 'resultCode': 90013, 'skuId': 0, 'success': False}
2020-06-01 00:27:34,741 INFO: 用户:蛋黄酱啊宝宝
2020-06-01 00:27:35,443 INFO: 商品名称:【茅台白酒】茅台 飞天 酱香型白酒 53度 500ml【行情 报价 价格 评测】-京东
2020-06-01 00:27:35,443 INFO: 正在等待到达设定时间:2020-06-01 00:00:00.100000
2020-06-01 00:27:35,443 INFO: 时间到达，开始执行……
2020-06-01 00:27:36,272 INFO: 抢购链接获取成功: https://marathon.jd.com/captcha.html?skuId=100012043978&sn=4f858921bb3de73237d0ced4f6ff3a1d&from=pc
2020-06-01 00:27:36,272 INFO: 访问商品的抢购连接...
2020-06-01 00:27:36,605 INFO: 访问抢购订单结算页面...
2020-06-01 00:27:37,399 INFO: 生成提交抢购订单所需参数...
2020-06-01 00:27:37,399 INFO: 获取秒杀初始化信息...
2020-06-01 00:27:37,979 INFO: 提交抢购订单...
2020-06-01 00:27:38,315 INFO: 抢购失败，返回信息:{'errorMessage': '很遗憾没有抢到，再接再厉哦。', 'orderId': 0, 'resultCode': 90008, 'skuId': 0, 'success': False}
2020-06-01 23:37:38,753 INFO: 校验是否登录[成功]
2020-06-01 23:37:39,153 INFO: 用户:蛋黄酱啊宝宝
2020-06-01 23:37:42,757 INFO: 商品名称:【茅台白酒】茅台 飞天 酱香型白酒 53度 500ml【行情 报价 价格 评测】-京东
2020-06-01 23:37:43,268 INFO: 正在等待到达设定时间:2020-06-01 00:00:00.100000
2020-06-01 23:37:43,269 INFO: 时间到达，开始执行……
2020-06-01 23:37:44,406 INFO: 预约成功，已获得抢购资格 / 您已成功预约过了，无需重复预约
2020-06-01 23:38:05,341 INFO: 用户:蛋黄酱啊宝宝
2020-06-01 23:38:06,743 INFO: 商品名称:【茅台白酒】茅台 飞天 酱香型白酒 53度 500ml【行情 报价 价格 评测】-京东
2020-06-01 23:38:06,743 INFO: 正在等待到达设定时间:2020-06-01 00:00:00.100000
2020-06-01 23:38:06,743 INFO: 时间到达，开始执行……
2020-06-01 23:38:08,647 INFO: 抢购链接获取失败，%s不是抢购商品或抢购页面暂未刷新，0.5秒后重试
2020-06-01 23:38:09,553 INFO: 抢购链接获取失败，%s不是抢购商品或抢购页面暂未刷新，0.5秒后重试
2020-06-01 23:38:10,837 INFO: 抢购链接获取失败，%s不是抢购商品或抢购页面暂未刷新，0.5秒后重试
2020-06-01 23:38:11,891 INFO: 抢购链接获取失败，%s不是抢购商品或抢购页面暂未刷新，0.5秒后重试
2020-06-01 23:38:13,007 INFO: 抢购链接获取失败，%s不是抢购商品或抢购页面暂未刷新，0.5秒后重试
2020-06-01 23:38:13,810 INFO: 抢购链接获取失败，%s不是抢购商品或抢购页面暂未刷新，0.5秒后重试
2020-06-01 23:38:14,591 INFO: 抢购链接获取失败，%s不是抢购商品或抢购页面暂未刷新，0.5秒后重试
2020-06-01 23:38:15,606 INFO: 抢购链接获取失败，%s不是抢购商品或抢购页面暂未刷新，0.5秒后重试
2020-06-01 23:38:32,328 INFO: 用户:蛋黄酱啊宝宝
2020-06-01 23:38:35,326 INFO: 商品名称:【茅台白酒】茅台 飞天 酱香型白酒 53度 500ml【行情 报价 价格 评测】-京东
2020-06-01 23:38:35,326 INFO: 正在等待到达设定时间:2020-06-02 00:00:00.100000
2020-06-02 00:14:23,005 INFO: 时间到达，开始执行……
2020-06-02 00:14:30,766 INFO: 抢购链接获取失败，%s不是抢购商品或抢购页面暂未刷新，0.5秒后重试
2020-06-02 00:14:33,558 INFO: 抢购链接获取失败，%s不是抢购商品或抢购页面暂未刷新，0.5秒后重试
2020-06-02 00:14:35,586 INFO: 抢购链接获取失败，%s不是抢购商品或抢购页面暂未刷新，0.5秒后重试
2020-06-02 08:58:19,772 INFO: 校验是否登录[失败]
2020-06-02 08:58:19,774 INFO: 请重新输入cookie
2020-06-02 08:58:21,059 INFO: 校验是否登录[失败]
2020-06-02 08:58:21,059 INFO: 请重新输入cookie
2020-06-02 08:59:26,224 INFO: 校验是否登录[失败]
2020-06-02 08:59:26,224 INFO: 请重新输入cookie
2020-06-02 08:59:27,570 INFO: 校验是否登录[失败]
2020-06-02 08:59:27,571 INFO: 请重新输入cookie
2020-06-02 09:00:53,748 INFO: 校验是否登录[成功]
2020-06-02 09:00:53,996 INFO: 用户:蛋黄酱啊宝宝
2020-06-02 09:00:54,477 INFO: 商品名称:【茅台白酒】茅台 飞天 酱香型白酒 53度 500ml【行情 报价 价格 评测】-京东
2020-06-02 09:00:54,747 INFO: 正在等待到达设定时间:2020-06-02 00:00:00.100000
2020-06-02 09:00:54,747 INFO: 时间到达，开始执行……
2020-06-02 09:00:55,011 INFO: 预约成功，已获得抢购资格 / 您已成功预约过了，无需重复预约
2020-06-02 09:00:59,842 INFO: 用户:蛋黄酱啊宝宝
2020-06-02 09:01:00,569 INFO: 商品名称:【茅台白酒】茅台 飞天 酱香型白酒 53度 500ml【行情 报价 价格 评测】-京东
2020-06-02 09:01:00,569 INFO: 正在等待到达设定时间:2020-06-02 00:00:00.100000
2020-06-02 09:01:00,569 INFO: 时间到达，开始执行……
2020-06-02 09:01:02,158 INFO: 抢购链接获取失败，%s不是抢购商品或抢购页面暂未刷新，0.5秒后重试
2020-06-02 09:01:02,945 INFO: 抢购链接获取失败，%s不是抢购商品或抢购页面暂未刷新，0.5秒后重试
2020-06-02 09:01:03,724 INFO: 抢购链接获取失败，%s不是抢购商品或抢购页面暂未刷新，0.5秒后重试
2020-06-02 09:01:04,574 INFO: 抢购链接获取失败，%s不是抢购商品或抢购页面暂未刷新，0.5秒后重试
2020-06-02 09:01:05,362 INFO: 抢购链接获取失败，%s不是抢购商品或抢购页面暂未刷新，0.5秒后重试
2020-06-02 09:01:06,167 INFO: 抢购链接获取失败，%s不是抢购商品或抢购页面暂未刷新，0.5秒后重试
2020-06-02 09:01:06,959 INFO: 抢购链接获取失败，%s不是抢购商品或抢购页面暂未刷新，0.5秒后重试
2020-06-02 09:01:07,825 INFO: 抢购链接获取失败，%s不是抢购商品或抢购页面暂未刷新，0.5秒后重试
2020-06-02 09:01:08,682 INFO: 抢购链接获取失败，%s不是抢购商品或抢购页面暂未刷新，0.5秒后重试
2020-06-02 09:01:09,559 INFO: 抢购链接获取失败，%s不是抢购商品或抢购页面暂未刷新，0.5秒后重试
2020-06-02 09:01:10,349 INFO: 抢购链接获取失败，%s不是抢购商品或抢购页面暂未刷新，0.5秒后重试
2020-06-02 09:01:11,162 INFO: 抢购链接获取失败，%s不是抢购商品或抢购页面暂未刷新，0.5秒后重试
2020-06-02 09:01:15,707 INFO: 用户:蛋黄酱啊宝宝
2020-06-02 09:01:16,398 INFO: 商品名称:【茅台白酒】茅台 飞天 酱香型白酒 53度 500ml【行情 报价 价格 评测】-京东
2020-06-02 09:01:16,398 INFO: 正在等待到达设定时间:2020-06-02 10:00:00.100000
2020-06-02 10:00:00,180 INFO: 时间到达，开始执行……
2020-06-02 10:00:00,623 INFO: 抢购链接获取失败，%s不是抢购商品或抢购页面暂未刷新，0.5秒后重试
2020-06-02 10:00:01,427 INFO: 抢购链接获取成功: https://marathon.jd.com/captcha.html?skuId=100012043978&sn=83568ac4ce5ca2ed686172fdefc1dca8&from=pc
2020-06-02 10:00:01,427 INFO: 访问商品的抢购连接...
2020-06-02 10:00:01,889 INFO: 访问抢购订单结算页面...
2020-06-02 10:00:02,295 INFO: 生成提交抢购订单所需参数...
2020-06-02 10:00:02,295 INFO: 获取秒杀初始化信息...
2020-06-02 10:00:02,647 INFO: 提交抢购订单...
2020-06-02 10:00:02,907 INFO: 抢购失败，返回信息:{'errorMessage': '很遗憾没有抢到，再接再厉哦。', 'orderId': 0, 'resultCode': 90008, 'skuId': 0, 'success': False}
2020-06-05 09:30:59,445 INFO: 校验是否登录[失败]
2020-06-05 09:30:59,447 INFO: 请重新输入cookie
2020-06-05 09:31:00,678 INFO: 校验是否登录[失败]
2020-06-05 09:31:00,678 INFO: 请重新输入cookie
2020-06-05 09:32:02,037 INFO: 校验是否登录[成功]
2020-06-05 09:32:02,307 INFO: 用户:蛋黄酱啊宝宝
2020-06-05 09:32:02,868 INFO: 商品名称:【茅台白酒】茅台 飞天 酱香型白酒 53度 500ml【行情 报价 价格 评测】-京东
2020-06-05 09:32:03,129 INFO: 正在等待到达设定时间:2020-06-03 10:00:00.200000
2020-06-05 09:32:03,129 INFO: 时间到达，开始执行……
2020-06-05 09:32:03,428 INFO: 预约成功，已获得抢购资格 / 您已成功预约过了，无需重复预约
2020-06-05 09:32:34,294 INFO: 用户:蛋黄酱啊宝宝
2020-06-05 09:32:34,805 INFO: 商品名称:【茅台白酒】茅台 飞天 酱香型白酒 53度 500ml【行情 报价 价格 评测】-京东
2020-06-05 09:32:34,808 INFO: 正在等待到达设定时间:2020-06-05 10:00:00.150000
2020-06-05 10:00:00,478 INFO: 时间到达，开始执行……
2020-06-05 10:00:01,902 INFO: 抢购链接获取成功: https://marathon.jd.com/captcha.html?skuId=100012043978&sn=58479c4677b74d090d9d9f3429ab8417&from=pc
2020-06-05 10:00:01,902 INFO: 访问商品的抢购连接...
2020-06-05 10:00:02,169 INFO: 访问抢购订单结算页面...
2020-06-05 10:00:02,462 INFO: 生成提交抢购订单所需参数...
2020-06-05 10:00:02,463 INFO: 获取秒杀初始化信息...
2020-06-05 10:01:35,133 INFO: 用户:蛋黄酱啊宝宝
2020-06-05 10:01:35,679 INFO: 商品名称:【茅台白酒】茅台 飞天 酱香型白酒 53度 500ml【行情 报价 价格 评测】-京东
2020-06-05 10:01:35,679 INFO: 正在等待到达设定时间:2020-06-05 10:00:00.150000
2020-06-05 10:01:35,680 INFO: 时间到达，开始执行……
2020-06-05 10:01:36,098 INFO: 抢购链接获取成功: https://marathon.jd.com/captcha.html?skuId=100012043978&sn=58479c4677b74d090d9d9f3429ab8417&from=pc
2020-06-05 10:01:36,098 INFO: 访问商品的抢购连接...
2020-06-05 10:01:37,452 INFO: 访问抢购订单结算页面...
2020-06-05 10:01:37,734 INFO: 生成提交抢购订单所需参数...
2020-06-05 10:01:37,734 INFO: 获取秒杀初始化信息...
2020-06-05 10:01:38,080 INFO: 提交抢购订单...
2020-06-05 10:01:38,327 INFO: 抢购失败，返回信息:{'errorMessage': '很遗憾没有抢到，再接再厉哦。', 'orderId': 0, 'resultCode': 90008, 'skuId': 0, 'success': False}
2020-06-09 09:57:55,943 INFO: 校验是否登录[失败]
2020-06-09 09:57:55,944 INFO: 请重新输入cookie
2020-06-09 09:57:57,470 INFO: 校验是否登录[失败]
2020-06-09 09:57:57,470 INFO: 请重新输入cookie
2020-06-09 09:59:36,921 INFO: 校验是否登录[成功]
2020-06-09 09:59:37,204 INFO: 用户:蛋黄酱啊宝宝
2020-06-09 09:59:37,804 INFO: 商品名称:【茅台白酒】茅台 飞天 酱香型白酒 53度 500ml【行情 报价 价格 评测】-京东
2020-06-09 09:59:38,115 INFO: 正在等待到达设定时间:2020-06-05 10:00:00.150000
2020-06-09 09:59:38,115 INFO: 时间到达，开始执行……
2020-06-09 09:59:38,423 INFO: 预约成功，已获得抢购资格 / 您已成功预约过了，无需重复预约
2020-06-09 09:59:53,330 INFO: 用户:蛋黄酱啊宝宝
2020-06-09 09:59:54,072 INFO: 商品名称:【茅台白酒】茅台 飞天 酱香型白酒 53度 500ml【行情 报价 价格 评测】-京东
2020-06-09 09:59:54,073 INFO: 正在等待到达设定时间:2020-06-09 10:00:00.150000
2020-06-09 10:00:00,617 INFO: 时间到达，开始执行……
2020-06-09 10:00:01,958 INFO: 抢购链接获取成功: https://marathon.jd.com/captcha.html?skuId=100012043978&sn=ce68546e7bd7529a57853feea8256ffc&from=pc
2020-06-09 10:00:01,960 INFO: 访问商品的抢购连接...
2020-06-09 10:00:02,376 INFO: 访问抢购订单结算页面...
2020-06-09 10:00:02,698 INFO: 生成提交抢购订单所需参数...
2020-06-09 10:00:02,699 INFO: 获取秒杀初始化信息...
2020-06-09 10:00:03,128 INFO: 提交抢购订单...
2020-06-09 10:00:03,395 INFO: 抢购失败，返回信息:{'errorMessage': '很遗憾没有抢到，再接再厉哦。', 'orderId': 0, 'resultCode': 90008, 'skuId': 0, 'success': False}
